103.08.19 12:46 B C:\Projects\bayarea\www\Utility\adovbs.inc --> www.needleworkhq.com /ccollins/bayareaconsulting/Utility adovbs.inc
103.08.19 12:46 B C:\Projects\bayarea\www\Utility\blockerror.js --> www.needleworkhq.com /ccollins/bayareaconsulting/Utility blockerror.js
103.08.19 12:47 B C:\Projects\bayarea\www\Utility\Collins.mdb --> www.needleworkhq.com /ccollins/bayareaconsulting/Utility Collins.mdb
103.08.19 12:47 B C:\Projects\bayarea\www\Utility\Constants.asp --> www.needleworkhq.com /ccollins/bayareaconsulting/Utility Constants.asp
103.08.19 12:47 B C:\Projects\bayarea\www\Utility\copyright-allwebco.js --> www.needleworkhq.com /ccollins/bayareaconsulting/Utility copyright-allwebco.js
103.08.19 12:47 B C:\Projects\bayarea\www\Utility\copyright.js --> www.needleworkhq.com /ccollins/bayareaconsulting/Utility copyright.js
103.08.19 12:47 B C:\Projects\bayarea\www\Utility\corporatestyle.css --> www.needleworkhq.com /ccollins/bayareaconsulting/Utility corporatestyle.css
103.08.19 12:47 B C:\Projects\bayarea\www\Utility\DBUtil.asp --> www.needleworkhq.com /ccollins/bayareaconsulting/Utility DBUtil.asp
103.08.19 12:47 B C:\Projects\bayarea\www\Utility\EncryptDecrypt.asp --> www.needleworkhq.com /ccollins/bayareaconsulting/Utility EncryptDecrypt.asp
103.08.19 12:47 B C:\Projects\bayarea\www\Utility\graphic_logo-bar.js --> www.needleworkhq.com /ccollins/bayareaconsulting/Utility graphic_logo-bar.js
103.08.19 12:47 B C:\Projects\bayarea\www\Utility\Incrypt.asp --> www.needleworkhq.com /ccollins/bayareaconsulting/Utility Incrypt.asp
103.08.19 12:47 B C:\Projects\bayarea\www\Utility\logo-bar.js --> www.needleworkhq.com /ccollins/bayareaconsulting/Utility logo-bar.js
103.08.19 12:47 B C:\Projects\bayarea\www\Utility\logo.swf --> www.needleworkhq.com /ccollins/bayareaconsulting/Utility logo.swf
103.08.19 12:47 B C:\Projects\bayarea\www\Utility\menu.js --> www.needleworkhq.com /ccollins/bayareaconsulting/Utility menu.js
103.08.19 12:47 B C:\Projects\bayarea\www\Utility\mouseover.js --> www.needleworkhq.com /ccollins/bayareaconsulting/Utility mouseover.js
103.08.19 12:47 B C:\Projects\bayarea\www\Utility\phone.js --> www.needleworkhq.com /ccollins/bayareaconsulting/Utility phone.js
103.08.19 12:47 B C:\Projects\bayarea\www\Utility\pop-closeup.js --> www.needleworkhq.com /ccollins/bayareaconsulting/Utility pop-closeup.js
103.08.19 12:47 B C:\Projects\bayarea\www\Utility\Random.asp --> www.needleworkhq.com /ccollins/bayareaconsulting/Utility Random.asp
103.08.19 12:47 B C:\Projects\bayarea\www\Utility\search1.js --> www.needleworkhq.com /ccollins/bayareaconsulting/Utility search1.js
103.08.19 12:47 B C:\Projects\bayarea\www\Utility\search2.js --> www.needleworkhq.com /ccollins/bayareaconsulting/Utility search2.js
103.08.19 12:47 B C:\Projects\bayarea\www\Utility\search3.js --> www.needleworkhq.com /ccollins/bayareaconsulting/Utility search3.js
103.08.19 12:47 B C:\Projects\bayarea\www\Utility\search4.js --> www.needleworkhq.com /ccollins/bayareaconsulting/Utility search4.js
103.08.19 12:47 B C:\Projects\bayarea\www\Utility\search5.js --> www.needleworkhq.com /ccollins/bayareaconsulting/Utility search5.js
103.08.19 12:47 B C:\Projects\bayarea\www\Utility\search6.js --> www.needleworkhq.com /ccollins/bayareaconsulting/Utility search6.js
103.08.19 12:47 B C:\Projects\bayarea\www\Utility\Util.asp --> www.needleworkhq.com /ccollins/bayareaconsulting/Utility Util.asp
